App Started in:

2023 / 5 / 11 -- 18:23.24
YYYY / M / DD -- HH:MM.SS

  ([========App Started:========])

-<[========Engine initialization Start:========]>-

    -<[========Creating Window:========]>-

      SDL2 initialized!

       |=Window Flags:
       |>RESIZABLE
       |>VULKAN
       |============]

    -<[========Created Window!========]>-

    -<[========Creating Instance:========]>-

      Setted AppInfo!

      <========WINDOW EXTs:========>
       |>VK_KHR_surface
       |>VK_KHR_xlib_surface
       |>VK_EXT_debug_utils      
      <========^Window exts^========>

      -<[========Populating DebugMessenger:========]>-

        Binded DebugCallback!

      -<[========Populated DebugMessenger!========]>-

      Created VulkanContext!

      Validation layers requested and avaible!

    -<[========Created Instance!========]>-

    -<[========Setuping DebugMessenger:========]>-

      VALIDATION LAYER: true

      Created DebugMessenger!

    -<[========Setuped DebugMessenger!========]>-

    -<[========Creating surface:========]>-

      Created SDL2 surface!

    -<[========Created Surface!========]>-

    -<[========Getting Physical Device:========]>-

      Finded VK forged GPU/s!

      Device count is: 2

      |}*****(((>-Checking Device support:-<)))*****{|

        |}--------Finding QFamilies for "Check Device Support"--------{|

          QueueFamilies now is: 2

          Finded Queues Support for [0]

           /---==---]
           |>GRAPHICS
           |>PRESENT
           |>COMPUTE
           |>TRANSFER
           \---==---]

          QueueCount now is: 1

          Finded Queues Support for [1]

           /---==---]
           |>PRESENT
           |>COMPUTE
           |>TRANSFER
           \---==---]

          QueueCount now is: 4

          Inds ready!

        |}--------Getted QFamilies for "Check Device Support"--------{|

        -<[========Checking Device EXTs support:========]>-

          PhysicalDevice is: NOT NULL!

          Temp Required EXTs array erased: true

        -<[========Checked Device EXTs support!========]>-

        -<========Checking SwapChain support:========>-

          SurfaceFormat count is: 2

          SurfaceFormat is: SUPPORTED

          PresentMode count is: 4

          PresentModes is: SUPPORTED

        -<========Checked SwapChain support!========>-

        Inds gFam has value: 1

        Extensions support: true

        SwapChain workable: true

      |}*****(((>-Checked Device support!-<)))*****{|

      FramebufferColorSampleCounts is: 15

      FramebufferDepthSampleCounts is: 15

        Getted PhyscialDeviceDetails!

        Finded suitable GPU/s!

      -<[========Getted Physical Device!========]>-

      -<[========Creating & Configuring Device:========]>-

        QueueFamilyCount is: 2

        EXTs count is: 1

        Created Device!

        Device is: NOT NULL

        Getted graphics family queue: 0

        Getted present family queue: 1

        Getted transfer family queue: 1

      -<[========Created & Configured Device!========]>-

      -<[========Creating SwapChain:========]>-

        -<========Checking SwapChain support:========>-

          SurfaceFormat count is: 2

          SurfaceFormat is: SUPPORTED

          PresentMode count is: 4

          PresentModes is: SUPPORTED

        -<========Checked SwapChain support!========>-

        -<========SWAPCHAIN FORMATS:========>-

          SwapChain format is: B8G8R8A8_UNORM

          SwapChain colorSpace is: SRGB_NONLINEAR

        -<========^SwapChain formats^========>-

        -<========PRESENT MODES:========>-
           >|IMMEDIATE
           >|MAILBOX
           >|FIFO
           >|FIFO RELAXED          

          Priority: 6

          Count is: 4

          Present mode is: MAILBOX

        -<========^Present modes^========>-

        -<========SWAPCHAIN EXTENT:========>-

          Current extent isn't bigger than maxValue of UINT32 Type!

          Extent width: 900

          Extent height: 900

        -<========^SwapChain extent^========>-

        SwapChain frame count: 4

        gFam value: 0

        pFam value: 1

        Image ShareMode is: CONCURRENT

      -<[========Created SwapChain!========]>-

      -<[========Creating SwapChain ImageViews:========]>-

        Resizing SwapChain ImageViews array with size: 5

          >|Created SwapChain Image view number: '1'

          >|Created SwapChain Image view number: '2'

          >|Created SwapChain Image view number: '3'

          >|Created SwapChain Image view number: '4'

          >|Created SwapChain Image view number: '5'

        SwapChain ImageViews count is: 5

      -<[========Created SwapChain ImageViews!========]>-

      -<[========Creating RenderPass:========]>-

        Attachment count is: 3

      -<[========Created RenderPass!========]>-

      -<[========Creating Descriptors:========]>-

      -<[========Created Descriptors!========]>-

      -<[========Creating GraphicalPipeline:========]>-

        |}--------Reading file: 'shaders/vert.spv'--------{|

          File's opening in ReadMode [BINARY]

          File readed Successfully!

        |}--------Readed file: 'shaders/vert.spv'--------{|

        |}--------Reading file: 'shaders/frag.spv'--------{|

          File's opening in ReadMode [BINARY]

          File readed Successfully!

        |}--------Readed file: 'shaders/frag.spv'--------{|

        |}--------Creating ShaderModule:--------{|

        |}--------Created ShaderModule!--------{|

        |}--------Creating ShaderModule:--------{|

        |}--------Created ShaderModule!--------{|

        Current Resolution: 900:X|900:Y

         |=Blend ColorChannels:
         |>R=[0]
         |>G=[0]
         |>B=[0]
         |>A=[0]
         |============]

        ShaderStages count is: 2

      -<[========Created GraphicalPipeline!========]>-

      -<[========Creating ComputePipeline:========]>-

        |}--------Reading file: 'shaders/comp.spv'--------{|

          File's opening in ReadMode [BINARY]

          File readed Successfully!

        |}--------Readed file: 'shaders/comp.spv'--------{|

        |}--------Creating ShaderModule:--------{|

        |}--------Created ShaderModule!--------{|

      -<[========Created ComputePipeline!========]>-

      -<[========Creating CommandPool:========]>-

         |=CommandBuffer Flags:
         |>RESET COMMANDBUFFER
         |============]

        QueueFamilyIndex is: 0

      -<[========Created CommandPool!========]>-

      -<[========Creating ColorBuffer:========]>-

        -<[========Creating Image:========]>-

          MipLevel count is: 2989687296

        -<[========Created Image!========]>-

      -<[========Created ColorBuffer!========]>-

      -<[========Creating DepthBuffer:========]>-

        Finding DepthFormat!

        -<[========Creating Image:========]>-

          MipLevel count is: 2989687296

        -<[========Created Image!========]>-

        -<[========Changing ImgLayout:========]>-

          -<[========Starting using of SingleCommandBuffer:========]>-

            Allocating CommandBuffer!

            Recording in SingleCommandBuffer!

            MipLevel count is: 2989687296

            Recorded in SingleCommandBuffer!

            Submiting SingleCommandBuffer into queue!

          -<[========Finished using of SingleCommandBuffer!========]>-

        -<[========Changed ImgLayout!========]>-

      -<[========Created DepthBuffer!========]>-

      -<[========Creating FrameBuffer:========]>-

        Resizing SwapChainFramebuffers array!

        Creating SwapChain FrameBuffers:

          >|Created FrameBuffer number '1'

          >|Created FrameBuffer number '2'

          >|Created FrameBuffer number '3'

          >|Created FrameBuffer number '4'

          >|Created FrameBuffer number '5'

        FrameBuffer count is: '5'

      -<[========Created FrameBuffer!========]>-

      -<[========Creating Texture:========]>-

        MipMaps count is: 12

        |}========Creating Buffer 'Image'========{|

          Size: '16777216'

          Alignment: '16'

          MemoryType: '509'

          Allocated Memory for VertexBuffer!

        |}========Created Buffer 'Image'========{|

        stgBufMem is ok: false

        ImageBufferMemory mapped!

        ImageBufferMemory unmapped!

        -<[========Creating Image:========]>-

          MipLevel count is: 12

          ##:VALIDATION_LAYERS:##-Validation Error: [ VUID-VkImageCreateInfo-usage-requiredbitmask ] Object 0: handle = 0x5645cb26c540, type = VK_OBJECT_TYPE_DEVICE; | MessageID = 0x34d7a349 | vkCreateImage: value of pCreateInfo->usage must not be 0. The Vulkan spec states: usage must not be 0 (https://vulkan.lunarg.com/doc/view/1.3.243.0/linux/1.3-extensions/vkspec.html#VUID-VkImageCreateInfo-usage-requiredbitmask)

          ##:VALIDATION_LAYERS:##-Validation Error: [ VUID-VkImageCreateInfo-format-00943 ] Object 0: handle = 0x5645cb26c540, type = VK_OBJECT_TYPE_DEVICE; | MessageID = 0xf0bb1e49 | vkCreateImage(): VkFormat for image must not be VK_FORMAT_UNDEFINED. The Vulkan spec states: format must not be VK_FORMAT_UNDEFINED (https://vulkan.lunarg.com/doc/view/1.3.243.0/linux/1.3-extensions/vkspec.html#VUID-VkImageCreateInfo-format-00943)

        -<[========Created Image!========]>-

        -<[========Changing ImgLayout:========]>-

          -<[========Starting using of SingleCommandBuffer:========]>-

            Allocating CommandBuffer!

            Recording in SingleCommandBuffer!

            MipLevel count is: 12

            ##:VALIDATION_LAYERS:##-Validation Error: [ VUID-VkImageMemoryBarrier-oldLayout-01213 ] Object 0: handle = 0xa2eb680000000026, type = VK_OBJECT_TYPE_IMAGE; | MessageID = 0x4fc60592 | vkCmdPipelineBarrier(): .pImageMemoryBarriers[0].newLayout Image barrier Layout=VK_IMAGE_LAYOUT_TRANSFER_DST_OPTIMAL is not compatible with VkImage 0xa2eb680000000026[] usage flags 0x0. The Vulkan spec states: If srcQueueFamilyIndex and dstQueueFamilyIndex define a queue family ownership transfer or oldLayout and newLayout define an image layout transition, and oldLayout or newLayout is VK_IMAGE_LAYOUT_TRANSFER_DST_OPTIMAL then image must have been created with VK_IMAGE_USAGE_TRANSFER_DST_BIT (https://vulkan.lunarg.com/doc/view/1.3.243.0/linux/1.3-extensions/vkspec.html#VUID-VkImageMemoryBarrier-oldLayout-01213)

            Recorded in SingleCommandBuffer!

            Submiting SingleCommandBuffer into queue!

          -<[========Finished using of SingleCommandBuffer!========]>-

        -<[========Changed ImgLayout!========]>-

        -<[========Copying Buffer to Image:========]>-

          -<[========Starting using of SingleCommandBuffer:========]>-

            Allocating CommandBuffer!

            Recording in SingleCommandBuffer!

            ##:VALIDATION_LAYERS:##-Validation Error: [ VUID-vkCmdCopyBufferToImage-aspectMask-00211 ] Object 0: handle = 0x5645cb369240, type = VK_OBJECT_TYPE_COMMAND_BUFFER; Object 1: handle = 0xa2eb680000000026, type = VK_OBJECT_TYPE_IMAGE; | MessageID = 0x3feec675 | vkCmdCopyBufferToImage: pRegion[0] subresource aspectMask 0x1 specifies aspects that are not present in image format 0x0. The Vulkan spec states: For each element of pRegions, imageSubresource.aspectMask must specify aspects present in {imageparam} (https://vulkan.lunarg.com/doc/view/1.3.243.0/linux/1.3-extensions/vkspec.html#VUID-vkCmdCopyBufferToImage-aspectMask-00211)

            ##:VALIDATION_LAYERS:##-Validation Error: [ VUID-vkCmdCopyBufferToImage-dstImage-00177 ] Object 0: handle = 0x5645cb369240, type = VK_OBJECT_TYPE_COMMAND_BUFFER; Object 1: handle = 0xa2eb680000000026, type = VK_OBJECT_TYPE_IMAGE; | MessageID = 0xe95493e7 | Invalid usage flag for VkImage 0xa2eb680000000026[] used by vkCmdCopyBufferToImage. In this case, VkImage should have VK_IMAGE_USAGE_TRANSFER_DST_BIT set during creation. The Vulkan spec states: dstImage must have been created with VK_IMAGE_USAGE_TRANSFER_DST_BIT usage flag (https://vulkan.lunarg.com/doc/view/1.3.243.0/linux/1.3-extensions/vkspec.html#VUID-vkCmdCopyBufferToImage-dstImage-00177)

            ##:RUNTIME_ERROR:##-Everything goes wrong

[ 5:W , 1:E ]


2023 / 5 / 11 -- 18:23.24
YYYY / M / DD -- HH:MM.SS
